SF:/home/noah/src/repartir/src/error/mod.rs
FN:82,_RNvNtNtCsif8aF0gyu4c_8repartir5error5testss_18test_error_display
FN:99,_RNvNtNtCsif8aF0gyu4c_8repartir5error5testss_18test_timeout_error
FN:91,_RNvNtNtCsif8aF0gyu4c_8repartir5error5testss_21test_binary_not_found
FNDA:1,_RNvNtNtCsif8aF0gyu4c_8repartir5error5testss_18test_error_display
FNDA:1,_RNvNtNtCsif8aF0gyu4c_8repartir5error5testss_18test_timeout_error
FNDA:1,_RNvNtNtCsif8aF0gyu4c_8repartir5error5testss_21test_binary_not_found
FNF:3
FNH:3
DA:82,1
DA:83,1
DA:84,1
DA:85,1
DA:86,1
DA:87,1
DA:88,1
DA:91,1
DA:92,1
DA:93,1
DA:94,1
DA:95,1
DA:96,1
DA:99,1
DA:100,1
DA:101,1
DA:102,1
BRF:0
BRH:0
LF:17
LH:17
end_of_record
SF:/home/noah/src/repartir/src/executor/cpu.rs
FN:106,_RNCNCNCNvXs0_NtNtCscC1z6TNcMpj_8repartir8executor3cpuNtBb_11CpuExecutorNtBd_8Executor7execute000Bf_
FN:123,_RNCNCNCNvXs0_NtNtCscC1z6TNcMpj_8repartir8executor3cpuNtBb_11CpuExecutorNtBd_8Executor7execute00s0_0Bf_
FN:130,_RNCNCNCNvXs0_NtNtCscC1z6TNcMpj_8repartir8executor3cpuNtBb_11CpuExecutorNtBd_8Executor7execute00s1_0Bf_
FN:116,_RNCNCNCNvXs0_NtNtCscC1z6TNcMpj_8repartir8executor3cpuNtBb_11CpuExecutorNtBd_8Executor7execute00s_0Bf_
FN:105,_RNCNCNvXs0_NtNtCscC1z6TNcMpj_8repartir8executor3cpuNtB9_11CpuExecutorNtBb_8Executor7execute00Bd_
FN:87,_RNCNvXs0_NtNtCscC1z6TNcMpj_8repartir8executor3cpuNtB7_11CpuExecutorNtB9_8Executor7execute0Bb_
FN:50,_RNvMNtNtCscC1z6TNcMpj_8repartir8executor3cpuNtB2_11CpuExecutor10with_cores
FN:55,_RNvMNtNtCscC1z6TNcMpj_8repartir8executor3cpuNtB2_11CpuExecutor15validate_binary
FN:40,_RNvMNtNtCscC1z6TNcMpj_8repartir8executor3cpuNtB2_11CpuExecutor3new
FN:167,_RNvXs0_NtNtCscC1z6TNcMpj_8repartir8executor3cpuNtB5_11CpuExecutorNtB7_8Executor4name
FN:86,_RNvXs0_NtNtCscC1z6TNcMpj_8repartir8executor3cpuNtB5_11CpuExecutorNtB7_8Executor7execute
FN:163,_RNvXs0_NtNtCscC1z6TNcMpj_8repartir8executor3cpuNtB5_11CpuExecutorNtB7_8Executor8capacity
FN:80,_RNvXs_NtNtCscC1z6TNcMpj_8repartir8executor3cpuNtB4_11CpuExecutorNtNtCs6RpC691fUBl_4core7default7Default7default
FN:80,_RNvXs_NtNtCsif8aF0gyu4c_8repartir8executor3cpuNtB4_11CpuExecutorNtNtCs6RpC691fUBl_4core7default7Default7default
FN:247,_RNCNvNtNtNtCsif8aF0gyu4c_8repartir8executor3cpu5testss_25test_cpu_executor_timeout0B9_
FN:205,_RNCNvNtNtNtCsif8aF0gyu4c_8repartir8executor3cpu5testss_30test_cpu_executor_nonzero_exit0B9_
FN:180,_RNCNvNtNtNtCsif8aF0gyu4c_8repartir8executor3cpu5testss_32test_cpu_executor_simple_command0B9_
FN:229,_RNCNvNtNtNtCsif8aF0gyu4c_8repartir8executor3cpu5testss_34test_cpu_executor_binary_not_found0B9_
FN:247,_RNvNtNtNtCsif8aF0gyu4c_8repartir8executor3cpu5testss_25test_cpu_executor_timeout
FN:268,_RNvNtNtNtCsif8aF0gyu4c_8repartir8executor3cpu5testss_28test_cpu_executor_with_cores
FN:205,_RNvNtNtNtCsif8aF0gyu4c_8repartir8executor3cpu5testss_30test_cpu_executor_nonzero_exit
FN:180,_RNvNtNtNtCsif8aF0gyu4c_8repartir8executor3cpu5testss_32test_cpu_executor_simple_command
FN:229,_RNvNtNtNtCsif8aF0gyu4c_8repartir8executor3cpu5testss_34test_cpu_executor_binary_not_found
FN:106,_RNCNCNCNvXs0_NtNtCsif8aF0gyu4c_8repartir8executor3cpuNtBb_11CpuExecutorNtBd_8Executor7execute000Bf_
FN:123,_RNCNCNCNvXs0_NtNtCsif8aF0gyu4c_8repartir8executor3cpuNtBb_11CpuExecutorNtBd_8Executor7execute00s0_0Bf_
FN:130,_RNCNCNCNvXs0_NtNtCsif8aF0gyu4c_8repartir8executor3cpuNtBb_11CpuExecutorNtBd_8Executor7execute00s1_0Bf_
FN:116,_RNCNCNCNvXs0_NtNtCsif8aF0gyu4c_8repartir8executor3cpuNtBb_11CpuExecutorNtBd_8Executor7execute00s_0Bf_
FN:105,_RNCNCNvXs0_NtNtCsif8aF0gyu4c_8repartir8executor3cpuNtB9_11CpuExecutorNtBb_8Executor7execute00Bd_
FN:87,_RNCNvXs0_NtNtCsif8aF0gyu4c_8repartir8executor3cpuNtB7_11CpuExecutorNtB9_8Executor7execute0Bb_
FN:50,_RNvMNtNtCsif8aF0gyu4c_8repartir8executor3cpuNtB2_11CpuExecutor10with_cores
FN:55,_RNvMNtNtCsif8aF0gyu4c_8repartir8executor3cpuNtB2_11CpuExecutor15validate_binary
FN:40,_RNvMNtNtCsif8aF0gyu4c_8repartir8executor3cpuNtB2_11CpuExecutor3new
FN:167,_RNvXs0_NtNtCsif8aF0gyu4c_8repartir8executor3cpuNtB5_11CpuExecutorNtB7_8Executor4name
FN:86,_RNvXs0_NtNtCsif8aF0gyu4c_8repartir8executor3cpuNtB5_11CpuExecutorNtB7_8Executor7execute
FN:163,_RNvXs0_NtNtCsif8aF0gyu4c_8repartir8executor3cpuNtB5_11CpuExecutorNtB7_8Executor8capacity
FNDA:0,_RNCNCNCNvXs0_NtNtCscC1z6TNcMpj_8repartir8executor3cpuNtBb_11CpuExecutorNtBd_8Executor7execute000Bf_
FNDA:0,_RNCNCNCNvXs0_NtNtCscC1z6TNcMpj_8repartir8executor3cpuNtBb_11CpuExecutorNtBd_8Executor7execute00s0_0Bf_
FNDA:0,_RNCNCNCNvXs0_NtNtCscC1z6TNcMpj_8repartir8executor3cpuNtBb_11CpuExecutorNtBd_8Executor7execute00s1_0Bf_
FNDA:0,_RNCNCNCNvXs0_NtNtCscC1z6TNcMpj_8repartir8executor3cpuNtBb_11CpuExecutorNtBd_8Executor7execute00s_0Bf_
FNDA:0,_RNCNCNvXs0_NtNtCscC1z6TNcMpj_8repartir8executor3cpuNtB9_11CpuExecutorNtBb_8Executor7execute00Bd_
FNDA:0,_RNCNvXs0_NtNtCscC1z6TNcMpj_8repartir8executor3cpuNtB7_11CpuExecutorNtB9_8Executor7execute0Bb_
FNDA:0,_RNvMNtNtCscC1z6TNcMpj_8repartir8executor3cpuNtB2_11CpuExecutor10with_cores
FNDA:0,_RNvMNtNtCscC1z6TNcMpj_8repartir8executor3cpuNtB2_11CpuExecutor15validate_binary
FNDA:0,_RNvMNtNtCscC1z6TNcMpj_8repartir8executor3cpuNtB2_11CpuExecutor3new
FNDA:0,_RNvXs0_NtNtCscC1z6TNcMpj_8repartir8executor3cpuNtB5_11CpuExecutorNtB7_8Executor4name
FNDA:0,_RNvXs0_NtNtCscC1z6TNcMpj_8repartir8executor3cpuNtB5_11CpuExecutorNtB7_8Executor7execute
FNDA:0,_RNvXs0_NtNtCscC1z6TNcMpj_8repartir8executor3cpuNtB5_11CpuExecutorNtB7_8Executor8capacity
FNDA:0,_RNvXs_NtNtCscC1z6TNcMpj_8repartir8executor3cpuNtB4_11CpuExecutorNtNtCs6RpC691fUBl_4core7default7Default7default
FNDA:0,_RNvXs_NtNtCsif8aF0gyu4c_8repartir8executor3cpuNtB4_11CpuExecutorNtNtCs6RpC691fUBl_4core7default7Default7default
FNDA:1,_RNCNvNtNtNtCsif8aF0gyu4c_8repartir8executor3cpu5testss_25test_cpu_executor_timeout0B9_
FNDA:1,_RNCNvNtNtNtCsif8aF0gyu4c_8repartir8executor3cpu5testss_30test_cpu_executor_nonzero_exit0B9_
FNDA:1,_RNCNvNtNtNtCsif8aF0gyu4c_8repartir8executor3cpu5testss_32test_cpu_executor_simple_command0B9_
FNDA:1,_RNCNvNtNtNtCsif8aF0gyu4c_8repartir8executor3cpu5testss_34test_cpu_executor_binary_not_found0B9_
FNDA:1,_RNvNtNtNtCsif8aF0gyu4c_8repartir8executor3cpu5testss_25test_cpu_executor_timeout
FNDA:1,_RNvNtNtNtCsif8aF0gyu4c_8repartir8executor3cpu5testss_28test_cpu_executor_with_cores
FNDA:1,_RNvNtNtNtCsif8aF0gyu4c_8repartir8executor3cpu5testss_30test_cpu_executor_nonzero_exit
FNDA:1,_RNvNtNtNtCsif8aF0gyu4c_8repartir8executor3cpu5testss_32test_cpu_executor_simple_command
FNDA:1,_RNvNtNtNtCsif8aF0gyu4c_8repartir8executor3cpu5testss_34test_cpu_executor_binary_not_found
FNDA:0,_RNCNCNCNvXs0_NtNtCsif8aF0gyu4c_8repartir8executor3cpuNtBb_11CpuExecutorNtBd_8Executor7execute000Bf_
FNDA:0,_RNCNCNCNvXs0_NtNtCsif8aF0gyu4c_8repartir8executor3cpuNtBb_11CpuExecutorNtBd_8Executor7execute00s0_0Bf_
FNDA:0,_RNCNCNCNvXs0_NtNtCsif8aF0gyu4c_8repartir8executor3cpuNtBb_11CpuExecutorNtBd_8Executor7execute00s1_0Bf_
FNDA:0,_RNCNCNCNvXs0_NtNtCsif8aF0gyu4c_8repartir8executor3cpuNtBb_11CpuExecutorNtBd_8Executor7execute00s_0Bf_
FNDA:4,_RNCNCNvXs0_NtNtCsif8aF0gyu4c_8repartir8executor3cpuNtB9_11CpuExecutorNtBb_8Executor7execute00Bd_
FNDA:5,_RNCNvXs0_NtNtCsif8aF0gyu4c_8repartir8executor3cpuNtB7_11CpuExecutorNtB9_8Executor7execute0Bb_
FNDA:1,_RNvMNtNtCsif8aF0gyu4c_8repartir8executor3cpuNtB2_11CpuExecutor10with_cores
FNDA:5,_RNvMNtNtCsif8aF0gyu4c_8repartir8executor3cpuNtB2_11CpuExecutor15validate_binary
FNDA:6,_RNvMNtNtCsif8aF0gyu4c_8repartir8executor3cpuNtB2_11CpuExecutor3new
FNDA:1,_RNvXs0_NtNtCsif8aF0gyu4c_8repartir8executor3cpuNtB5_11CpuExecutorNtB7_8Executor4name
FNDA:5,_RNvXs0_NtNtCsif8aF0gyu4c_8repartir8executor3cpuNtB5_11CpuExecutorNtB7_8Executor7execute
FNDA:2,_RNvXs0_NtNtCsif8aF0gyu4c_8repartir8executor3cpuNtB5_11CpuExecutorNtB7_8Executor8capacity
FNF:22
FNH:17
DA:40,6
DA:41,6
DA:42,6
DA:43,6
DA:44,6
DA:50,1
DA:51,1
DA:52,1
DA:55,5
DA:56,5
DA:57,1
DA:58,1
DA:59,1
DA:60,4
DA:66,4
DA:67,4
DA:68,4
DA:69,0
DA:70,0
DA:71,0
DA:72,4
DA:75,4
DA:76,5
DA:80,0
DA:81,0
DA:82,0
DA:86,5
DA:87,5
DA:88,5
DA:89,5
DA:92,5
DA:94,4
DA:97,4
DA:98,4
DA:99,4
DA:100,4
DA:101,4
DA:102,4
DA:105,4
DA:106,4
DA:107,0
DA:108,0
DA:109,0
DA:112,4
DA:113,4
DA:115,4
DA:116,4
DA:117,0
DA:118,0
DA:119,0
DA:120,0
DA:122,3
DA:123,3
DA:124,0
DA:125,0
DA:126,0
DA:127,0
DA:130,3
DA:131,0
DA:132,0
DA:133,0
DA:135,3
DA:136,3
DA:138,3
DA:140,3
DA:141,3
DA:142,3
DA:143,3
DA:146,4
DA:147,1
DA:148,0
DA:150,1
DA:151,1
DA:152,1
DA:153,1
DA:156,3
DA:159,3
DA:160,5
DA:161,5
DA:163,2
DA:164,2
DA:165,2
DA:167,1
DA:168,1
DA:169,1
DA:180,1
DA:181,1
DA:182,1
DA:185,1
DA:186,1
DA:187,1
DA:188,1
DA:189,1
DA:190,1
DA:191,1
DA:192,1
DA:193,1
DA:194,1
DA:195,1
DA:196,1
DA:197,1
DA:198,1
DA:199,1
DA:200,1
DA:201,1
DA:202,1
DA:205,1
DA:206,1
DA:209,1
DA:210,1
DA:211,1
DA:212,1
DA:213,1
DA:214,1
DA:215,1
DA:216,1
DA:217,1
DA:218,1
DA:219,1
DA:220,1
DA:221,1
DA:222,1
DA:223,1
DA:224,1
DA:225,1
DA:226,1
DA:229,1
DA:230,1
DA:232,1
DA:233,1
DA:234,1
DA:235,1
DA:236,1
DA:238,1
DA:239,1
DA:240,1
DA:241,1
DA:242,1
DA:243,1
DA:244,1
DA:247,1
DA:248,1
DA:251,1
DA:252,1
DA:253,1
DA:254,1
DA:255,1
DA:256,1
DA:257,1
DA:258,1
DA:259,1
DA:260,1
DA:261,1
DA:262,1
DA:263,1
DA:264,1
DA:265,1
DA:268,1
DA:269,1
DA:270,1
DA:271,1
DA:272,1
BRF:0
BRH:0
LF:212
LH:183
end_of_record
SF:/home/noah/src/repartir/src/executor/mod.rs
FN:67,_RNvNtNtCsif8aF0gyu4c_8repartir8executor5tests19__assert_object_safe
FNDA:0,_RNvNtNtCsif8aF0gyu4c_8repartir8executor5tests19__assert_object_safe
FNF:1
FNH:0
DA:67,0
BRF:0
BRH:0
LF:1
LH:0
end_of_record
SF:/home/noah/src/repartir/src/lib.rs
FN:226,_RNCNvMs_CscC1z6TNcMpj_8repartirNtB6_11PoolBuilder5build0B6_
FN:160,_RNvMCscC1z6TNcMpj_8repartirNtB2_4Pool13pending_tasks
FN:138,_RNvMCscC1z6TNcMpj_8repartirNtB2_4Pool6submit
FN:126,_RNvMCscC1z6TNcMpj_8repartirNtB2_4Pool7builder
FN:155,_RNvMCscC1z6TNcMpj_8repartirNtB2_4Pool8capacity
FN:167,_RNvMCscC1z6TNcMpj_8repartirNtB2_4Pool8shutdown
FN:184,_RNvMs_CscC1z6TNcMpj_8repartirNtB4_11PoolBuilder11cpu_workers
FN:191,_RNvMs_CscC1z6TNcMpj_8repartirNtB4_11PoolBuilder14max_queue_size
FN:205,_RNvMs_CscC1z6TNcMpj_8repartirNtB4_11PoolBuilder5build
FN:160,_RNCNvMCscC1z6TNcMpj_8repartirNtB4_4Pool13pending_tasks0B4_
FN:138,_RNCNvMCscC1z6TNcMpj_8repartirNtB4_4Pool6submit0B4_
FN:167,_RNCNvMCscC1z6TNcMpj_8repartirNtB4_4Pool8shutdown0B4_
FN:226,_RNCNvMs_Csif8aF0gyu4c_8repartirNtB6_11PoolBuilder5build0B6_
FN:160,_RNCNvMCsif8aF0gyu4c_8repartirNtB4_4Pool13pending_tasks0B4_
FN:138,_RNCNvMCsif8aF0gyu4c_8repartirNtB4_4Pool6submit0B4_
FN:167,_RNCNvMCsif8aF0gyu4c_8repartirNtB4_4Pool8shutdown0B4_
FN:263,_RNCNvNtCsif8aF0gyu4c_8repartir5testss_17test_pool_builder0B5_
FN:275,_RNCNvNtCsif8aF0gyu4c_8repartir5testss_21test_pool_submit_task0B5_
FN:308,_RNCNvNtCsif8aF0gyu4c_8repartir5testss_26test_pool_no_workers_error0B5_
FN:263,_RNvNtCsif8aF0gyu4c_8repartir5testss_17test_pool_builder
FN:275,_RNvNtCsif8aF0gyu4c_8repartir5testss_21test_pool_submit_task
FN:308,_RNvNtCsif8aF0gyu4c_8repartir5testss_26test_pool_no_workers_error
FN:160,_RNvMCsif8aF0gyu4c_8repartirNtB2_4Pool13pending_tasks
FN:138,_RNvMCsif8aF0gyu4c_8repartirNtB2_4Pool6submit
FN:126,_RNvMCsif8aF0gyu4c_8repartirNtB2_4Pool7builder
FN:155,_RNvMCsif8aF0gyu4c_8repartirNtB2_4Pool8capacity
FN:167,_RNvMCsif8aF0gyu4c_8repartirNtB2_4Pool8shutdown
FN:184,_RNvMs_Csif8aF0gyu4c_8repartirNtB4_11PoolBuilder11cpu_workers
FN:191,_RNvMs_Csif8aF0gyu4c_8repartirNtB4_11PoolBuilder14max_queue_size
FN:205,_RNvMs_Csif8aF0gyu4c_8repartirNtB4_11PoolBuilder5build
FNDA:0,_RNCNvMs_CscC1z6TNcMpj_8repartirNtB6_11PoolBuilder5build0B6_
FNDA:0,_RNvMCscC1z6TNcMpj_8repartirNtB2_4Pool13pending_tasks
FNDA:0,_RNvMCscC1z6TNcMpj_8repartirNtB2_4Pool6submit
FNDA:0,_RNvMCscC1z6TNcMpj_8repartirNtB2_4Pool7builder
FNDA:0,_RNvMCscC1z6TNcMpj_8repartirNtB2_4Pool8capacity
FNDA:0,_RNvMCscC1z6TNcMpj_8repartirNtB2_4Pool8shutdown
FNDA:0,_RNvMs_CscC1z6TNcMpj_8repartirNtB4_11PoolBuilder11cpu_workers
FNDA:0,_RNvMs_CscC1z6TNcMpj_8repartirNtB4_11PoolBuilder14max_queue_size
FNDA:0,_RNvMs_CscC1z6TNcMpj_8repartirNtB4_11PoolBuilder5build
FNDA:0,_RNCNvMCscC1z6TNcMpj_8repartirNtB4_4Pool13pending_tasks0B4_
FNDA:0,_RNCNvMCscC1z6TNcMpj_8repartirNtB4_4Pool6submit0B4_
FNDA:0,_RNCNvMCscC1z6TNcMpj_8repartirNtB4_4Pool8shutdown0B4_
FNDA:2,_RNCNvMs_Csif8aF0gyu4c_8repartirNtB6_11PoolBuilder5build0B6_
FNDA:1,_RNCNvMCsif8aF0gyu4c_8repartirNtB4_4Pool13pending_tasks0B4_
FNDA:1,_RNCNvMCsif8aF0gyu4c_8repartirNtB4_4Pool6submit0B4_
FNDA:2,_RNCNvMCsif8aF0gyu4c_8repartirNtB4_4Pool8shutdown0B4_
FNDA:1,_RNCNvNtCsif8aF0gyu4c_8repartir5testss_17test_pool_builder0B5_
FNDA:1,_RNCNvNtCsif8aF0gyu4c_8repartir5testss_21test_pool_submit_task0B5_
FNDA:1,_RNCNvNtCsif8aF0gyu4c_8repartir5testss_26test_pool_no_workers_error0B5_
FNDA:1,_RNvNtCsif8aF0gyu4c_8repartir5testss_17test_pool_builder
FNDA:1,_RNvNtCsif8aF0gyu4c_8repartir5testss_21test_pool_submit_task
FNDA:1,_RNvNtCsif8aF0gyu4c_8repartir5testss_26test_pool_no_workers_error
FNDA:1,_RNvMCsif8aF0gyu4c_8repartirNtB2_4Pool13pending_tasks
FNDA:1,_RNvMCsif8aF0gyu4c_8repartirNtB2_4Pool6submit
FNDA:3,_RNvMCsif8aF0gyu4c_8repartirNtB2_4Pool7builder
FNDA:1,_RNvMCsif8aF0gyu4c_8repartirNtB2_4Pool8capacity
FNDA:2,_RNvMCsif8aF0gyu4c_8repartirNtB2_4Pool8shutdown
FNDA:2,_RNvMs_Csif8aF0gyu4c_8repartirNtB4_11PoolBuilder11cpu_workers
FNDA:1,_RNvMs_Csif8aF0gyu4c_8repartirNtB4_11PoolBuilder14max_queue_size
FNDA:3,_RNvMs_Csif8aF0gyu4c_8repartirNtB4_11PoolBuilder5build
FNF:18
FNH:18
DA:126,3
DA:127,3
DA:128,3
DA:138,1
DA:139,1
DA:140,1
DA:144,2
DA:145,1
DA:146,1
DA:147,1
DA:149,1
DA:151,1
DA:155,1
DA:156,1
DA:157,1
DA:160,1
DA:161,1
DA:162,1
DA:167,2
DA:168,2
DA:169,2
DA:170,2
DA:171,2
DA:184,2
DA:185,2
DA:186,2
DA:187,2
DA:191,1
DA:192,1
DA:193,1
DA:194,1
DA:205,3
DA:206,3
DA:208,3
DA:209,1
DA:210,1
DA:211,1
DA:212,2
DA:214,2
DA:215,2
DA:216,2
DA:218,2
DA:221,2
DA:222,4
DA:223,4
DA:224,4
DA:226,4
DA:227,2
DA:230,3
DA:231,1
DA:232,1
DA:233,1
DA:235,0
DA:236,0
DA:241,2
DA:247,2
DA:248,2
DA:249,2
DA:250,2
DA:251,2
DA:252,2
DA:253,3
DA:263,1
DA:264,1
DA:266,1
DA:267,1
DA:268,1
DA:269,1
DA:271,1
DA:272,1
DA:275,1
DA:276,1
DA:277,1
DA:278,1
DA:279,1
DA:281,1
DA:282,1
DA:283,1
DA:284,1
DA:285,1
DA:286,1
DA:287,1
DA:288,1
DA:289,1
DA:290,1
DA:291,1
DA:292,1
DA:293,1
DA:294,1
DA:295,1
DA:296,1
DA:297,1
DA:298,1
DA:299,1
DA:300,1
DA:301,1
DA:302,1
DA:303,1
DA:304,1
DA:305,1
DA:308,1
DA:309,1
DA:310,1
DA:311,1
BRF:0
BRH:0
LF:129
LH:127
end_of_record
SF:/home/noah/src/repartir/src/scheduler/mod.rs
FN:128,_RNCNvMs4_NtCscC1z6TNcMpj_8repartir9schedulerNtB7_9Scheduler13pending_count0CsgXTZ8MYwN3R_14property_tests
FN:99,_RNCNvMs4_NtCscC1z6TNcMpj_8repartir9schedulerNtB7_9Scheduler6submit0CsgXTZ8MYwN3R_14property_tests
FN:122,_RNCNvMs4_NtCscC1z6TNcMpj_8repartir9schedulerNtB7_9Scheduler9next_task0CsgXTZ8MYwN3R_14property_tests
FN:133,_RNCNvMs4_NtCscC1z6TNcMpj_8repartir9schedulerNtB7_9Scheduler12store_result0B9_
FN:122,_RNCNvMs4_NtCscC1z6TNcMpj_8repartir9schedulerNtB7_9Scheduler9next_task0B9_
FN:140,_RNCNvMs4_NtCscC1z6TNcMpj_8repartir9schedulerNtB7_9Scheduler10get_result0B9_
FN:128,_RNCNvMs4_NtCscC1z6TNcMpj_8repartir9schedulerNtB7_9Scheduler13pending_count0B9_
FN:145,_RNCNvMs4_NtCscC1z6TNcMpj_8repartir9schedulerNtB7_9Scheduler13remove_result0B9_
FN:150,_RNCNvMs4_NtCscC1z6TNcMpj_8repartir9schedulerNtB7_9Scheduler5clear0B9_
FN:99,_RNCNvMs4_NtCscC1z6TNcMpj_8repartir9schedulerNtB7_9Scheduler6submit0B9_
FN:23,_RNvMNtCscC1z6TNcMpj_8repartir9schedulerNtB2_8WorkerId3new
FN:140,_RNvMs4_NtCscC1z6TNcMpj_8repartir9schedulerNtB5_9Scheduler10get_result
FN:133,_RNvMs4_NtCscC1z6TNcMpj_8repartir9schedulerNtB5_9Scheduler12store_result
FN:128,_RNvMs4_NtCscC1z6TNcMpj_8repartir9schedulerNtB5_9Scheduler13pending_count
FN:145,_RNvMs4_NtCscC1z6TNcMpj_8repartir9schedulerNtB5_9Scheduler13remove_result
FN:85,_RNvMs4_NtCscC1z6TNcMpj_8repartir9schedulerNtB5_9Scheduler13with_capacity
FN:79,_RNvMs4_NtCscC1z6TNcMpj_8repartir9schedulerNtB5_9Scheduler3new
FN:150,_RNvMs4_NtCscC1z6TNcMpj_8repartir9schedulerNtB5_9Scheduler5clear
FN:99,_RNvMs4_NtCscC1z6TNcMpj_8repartir9schedulerNtB5_9Scheduler6submit
FN:122,_RNvMs4_NtCscC1z6TNcMpj_8repartir9schedulerNtB5_9Scheduler9next_task
FN:43,_RNvXs0_NtCscC1z6TNcMpj_8repartir9schedulerNtB5_12PriorityTaskNtNtCs6RpC691fUBl_4core3cmp9PartialEq2eq
FN:51,_RNvXs2_NtCscC1z6TNcMpj_8repartir9schedulerNtB5_12PriorityTaskNtNtCs6RpC691fUBl_4core3cmp10PartialOrd11partial_cmp
FN:57,_RNvXs3_NtCscC1z6TNcMpj_8repartir9schedulerNtB5_12PriorityTaskNtNtCs6RpC691fUBl_4core3cmp3Ord3cmp
FN:158,_RNvXs5_NtCscC1z6TNcMpj_8repartir9schedulerNtB5_9SchedulerNtNtCs6RpC691fUBl_4core7default7Default7default
FN:29,_RNvXs_NtCscC1z6TNcMpj_8repartir9schedulerNtB4_8WorkerIdNtNtCs6RpC691fUBl_4core7default7Default7default
FN:23,_RNvMNtCsif8aF0gyu4c_8repartir9schedulerNtB2_8WorkerId3new
FN:43,_RNvXs0_NtCsif8aF0gyu4c_8repartir9schedulerNtB5_12PriorityTaskNtNtCs6RpC691fUBl_4core3cmp9PartialEq2eq
FN:158,_RNvXs5_NtCsif8aF0gyu4c_8repartir9schedulerNtB5_9SchedulerNtNtCs6RpC691fUBl_4core7default7Default7default
FN:29,_RNvXs_NtCsif8aF0gyu4c_8repartir9schedulerNtB4_8WorkerIdNtNtCs6RpC691fUBl_4core7default7Default7default
FN:140,_RNCNvMs4_NtCsif8aF0gyu4c_8repartir9schedulerNtB7_9Scheduler10get_result0B9_
FN:133,_RNCNvMs4_NtCsif8aF0gyu4c_8repartir9schedulerNtB7_9Scheduler12store_result0B9_
FN:128,_RNCNvMs4_NtCsif8aF0gyu4c_8repartir9schedulerNtB7_9Scheduler13pending_count0B9_
FN:145,_RNCNvMs4_NtCsif8aF0gyu4c_8repartir9schedulerNtB7_9Scheduler13remove_result0B9_
FN:150,_RNCNvMs4_NtCsif8aF0gyu4c_8repartir9schedulerNtB7_9Scheduler5clear0B9_
FN:99,_RNCNvMs4_NtCsif8aF0gyu4c_8repartir9schedulerNtB7_9Scheduler6submit0B9_
FN:122,_RNCNvMs4_NtCsif8aF0gyu4c_8repartir9schedulerNtB7_9Scheduler9next_task0B9_
FN:297,_RNCNvNtNtCsif8aF0gyu4c_8repartir9scheduler5testss_20test_scheduler_clear0B7_
FN:235,_RNCNvNtNtCsif8aF0gyu4c_8repartir9scheduler5testss_25test_scheduler_queue_full0B7_
FN:272,_RNCNvNtNtCsif8aF0gyu4c_8repartir9scheduler5testss_29test_scheduler_result_storage0B7_
FN:171,_RNCNvNtNtCsif8aF0gyu4c_8repartir9scheduler5testss_30test_scheduler_submit_and_next0B7_
FN:191,_RNCNvNtNtCsif8aF0gyu4c_8repartir9scheduler5testss_32test_scheduler_priority_ordering0B7_
FN:297,_RNvNtNtCsif8aF0gyu4c_8repartir9scheduler5testss_20test_scheduler_clear
FN:235,_RNvNtNtCsif8aF0gyu4c_8repartir9scheduler5testss_25test_scheduler_queue_full
FN:272,_RNvNtNtCsif8aF0gyu4c_8repartir9scheduler5testss_29test_scheduler_result_storage
FN:171,_RNvNtNtCsif8aF0gyu4c_8repartir9scheduler5testss_30test_scheduler_submit_and_next
FN:191,_RNvNtNtCsif8aF0gyu4c_8repartir9scheduler5testss_32test_scheduler_priority_ordering
FN:140,_RNvMs4_NtCsif8aF0gyu4c_8repartir9schedulerNtB5_9Scheduler10get_result
FN:133,_RNvMs4_NtCsif8aF0gyu4c_8repartir9schedulerNtB5_9Scheduler12store_result
FN:128,_RNvMs4_NtCsif8aF0gyu4c_8repartir9schedulerNtB5_9Scheduler13pending_count
FN:145,_RNvMs4_NtCsif8aF0gyu4c_8repartir9schedulerNtB5_9Scheduler13remove_result
FN:85,_RNvMs4_NtCsif8aF0gyu4c_8repartir9schedulerNtB5_9Scheduler13with_capacity
FN:79,_RNvMs4_NtCsif8aF0gyu4c_8repartir9schedulerNtB5_9Scheduler3new
FN:150,_RNvMs4_NtCsif8aF0gyu4c_8repartir9schedulerNtB5_9Scheduler5clear
FN:99,_RNvMs4_NtCsif8aF0gyu4c_8repartir9schedulerNtB5_9Scheduler6submit
FN:122,_RNvMs4_NtCsif8aF0gyu4c_8repartir9schedulerNtB5_9Scheduler9next_task
FN:51,_RNvXs2_NtCsif8aF0gyu4c_8repartir9schedulerNtB5_12PriorityTaskNtNtCs6RpC691fUBl_4core3cmp10PartialOrd11partial_cmp
FN:57,_RNvXs3_NtCsif8aF0gyu4c_8repartir9schedulerNtB5_12PriorityTaskNtNtCs6RpC691fUBl_4core3cmp3Ord3cmp
FNDA:13058,_RNCNvMs4_NtCscC1z6TNcMpj_8repartir9schedulerNtB7_9Scheduler13pending_count0CsgXTZ8MYwN3R_14property_tests
FNDA:33567,_RNCNvMs4_NtCscC1z6TNcMpj_8repartir9schedulerNtB7_9Scheduler6submit0CsgXTZ8MYwN3R_14property_tests
FNDA:21021,_RNCNvMs4_NtCscC1z6TNcMpj_8repartir9schedulerNtB7_9Scheduler9next_task0CsgXTZ8MYwN3R_14property_tests
FNDA:0,_RNCNvMs4_NtCscC1z6TNcMpj_8repartir9schedulerNtB7_9Scheduler12store_result0B9_
FNDA:0,_RNCNvMs4_NtCscC1z6TNcMpj_8repartir9schedulerNtB7_9Scheduler9next_task0B9_
FNDA:0,_RNCNvMs4_NtCscC1z6TNcMpj_8repartir9schedulerNtB7_9Scheduler10get_result0B9_
FNDA:0,_RNCNvMs4_NtCscC1z6TNcMpj_8repartir9schedulerNtB7_9Scheduler13pending_count0B9_
FNDA:0,_RNCNvMs4_NtCscC1z6TNcMpj_8repartir9schedulerNtB7_9Scheduler13remove_result0B9_
FNDA:0,_RNCNvMs4_NtCscC1z6TNcMpj_8repartir9schedulerNtB7_9Scheduler5clear0B9_
FNDA:0,_RNCNvMs4_NtCscC1z6TNcMpj_8repartir9schedulerNtB7_9Scheduler6submit0B9_
FNDA:0,_RNvMNtCscC1z6TNcMpj_8repartir9schedulerNtB2_8WorkerId3new
FNDA:0,_RNvMs4_NtCscC1z6TNcMpj_8repartir9schedulerNtB5_9Scheduler10get_result
FNDA:0,_RNvMs4_NtCscC1z6TNcMpj_8repartir9schedulerNtB5_9Scheduler12store_result
FNDA:13058,_RNvMs4_NtCscC1z6TNcMpj_8repartir9schedulerNtB5_9Scheduler13pending_count
FNDA:0,_RNvMs4_NtCscC1z6TNcMpj_8repartir9schedulerNtB5_9Scheduler13remove_result
FNDA:768,_RNvMs4_NtCscC1z6TNcMpj_8repartir9schedulerNtB5_9Scheduler13with_capacity
FNDA:0,_RNvMs4_NtCscC1z6TNcMpj_8repartir9schedulerNtB5_9Scheduler3new
FNDA:0,_RNvMs4_NtCscC1z6TNcMpj_8repartir9schedulerNtB5_9Scheduler5clear
FNDA:33567,_RNvMs4_NtCscC1z6TNcMpj_8repartir9schedulerNtB5_9Scheduler6submit
FNDA:21021,_RNvMs4_NtCscC1z6TNcMpj_8repartir9schedulerNtB5_9Scheduler9next_task
FNDA:0,_RNvXs0_NtCscC1z6TNcMpj_8repartir9schedulerNtB5_12PriorityTaskNtNtCs6RpC691fUBl_4core3cmp9PartialEq2eq
FNDA:112460,_RNvXs2_NtCscC1z6TNcMpj_8repartir9schedulerNtB5_12PriorityTaskNtNtCs6RpC691fUBl_4core3cmp10PartialOrd11partial_cmp
FNDA:112460,_RNvXs3_NtCscC1z6TNcMpj_8repartir9schedulerNtB5_12PriorityTaskNtNtCs6RpC691fUBl_4core3cmp3Ord3cmp
FNDA:0,_RNvXs5_NtCscC1z6TNcMpj_8repartir9schedulerNtB5_9SchedulerNtNtCs6RpC691fUBl_4core7default7Default7default
FNDA:0,_RNvXs_NtCscC1z6TNcMpj_8repartir9schedulerNtB4_8WorkerIdNtNtCs6RpC691fUBl_4core7default7Default7default
FNDA:0,_RNvMNtCsif8aF0gyu4c_8repartir9schedulerNtB2_8WorkerId3new
FNDA:0,_RNvXs0_NtCsif8aF0gyu4c_8repartir9schedulerNtB5_12PriorityTaskNtNtCs6RpC691fUBl_4core3cmp9PartialEq2eq
FNDA:0,_RNvXs5_NtCsif8aF0gyu4c_8repartir9schedulerNtB5_9SchedulerNtNtCs6RpC691fUBl_4core7default7Default7default
FNDA:0,_RNvXs_NtCsif8aF0gyu4c_8repartir9schedulerNtB4_8WorkerIdNtNtCs6RpC691fUBl_4core7default7Default7default
FNDA:4,_RNCNvMs4_NtCsif8aF0gyu4c_8repartir9schedulerNtB7_9Scheduler10get_result0B9_
FNDA:2,_RNCNvMs4_NtCsif8aF0gyu4c_8repartir9schedulerNtB7_9Scheduler12store_result0B9_
FNDA:5,_RNCNvMs4_NtCsif8aF0gyu4c_8repartir9schedulerNtB7_9Scheduler13pending_count0B9_
FNDA:2,_RNCNvMs4_NtCsif8aF0gyu4c_8repartir9schedulerNtB7_9Scheduler13remove_result0B9_
FNDA:3,_RNCNvMs4_NtCsif8aF0gyu4c_8repartir9schedulerNtB7_9Scheduler5clear0B9_
FNDA:9,_RNCNvMs4_NtCsif8aF0gyu4c_8repartir9schedulerNtB7_9Scheduler6submit0B9_
FNDA:7,_RNCNvMs4_NtCsif8aF0gyu4c_8repartir9schedulerNtB7_9Scheduler9next_task0B9_
FNDA:1,_RNCNvNtNtCsif8aF0gyu4c_8repartir9scheduler5testss_20test_scheduler_clear0B7_
FNDA:1,_RNCNvNtNtCsif8aF0gyu4c_8repartir9scheduler5testss_25test_scheduler_queue_full0B7_
FNDA:1,_RNCNvNtNtCsif8aF0gyu4c_8repartir9scheduler5testss_29test_scheduler_result_storage0B7_
FNDA:1,_RNCNvNtNtCsif8aF0gyu4c_8repartir9scheduler5testss_30test_scheduler_submit_and_next0B7_
FNDA:1,_RNCNvNtNtCsif8aF0gyu4c_8repartir9scheduler5testss_32test_scheduler_priority_ordering0B7_
FNDA:1,_RNvNtNtCsif8aF0gyu4c_8repartir9scheduler5testss_20test_scheduler_clear
FNDA:1,_RNvNtNtCsif8aF0gyu4c_8repartir9scheduler5testss_25test_scheduler_queue_full
FNDA:1,_RNvNtNtCsif8aF0gyu4c_8repartir9scheduler5testss_29test_scheduler_result_storage
FNDA:1,_RNvNtNtCsif8aF0gyu4c_8repartir9scheduler5testss_30test_scheduler_submit_and_next
FNDA:1,_RNvNtNtCsif8aF0gyu4c_8repartir9scheduler5testss_32test_scheduler_priority_ordering
FNDA:4,_RNvMs4_NtCsif8aF0gyu4c_8repartir9schedulerNtB5_9Scheduler10get_result
FNDA:2,_RNvMs4_NtCsif8aF0gyu4c_8repartir9schedulerNtB5_9Scheduler12store_result
FNDA:5,_RNvMs4_NtCsif8aF0gyu4c_8repartir9schedulerNtB5_9Scheduler13pending_count
FNDA:2,_RNvMs4_NtCsif8aF0gyu4c_8repartir9schedulerNtB5_9Scheduler13remove_result
FNDA:7,_RNvMs4_NtCsif8aF0gyu4c_8repartir9schedulerNtB5_9Scheduler13with_capacity
FNDA:4,_RNvMs4_NtCsif8aF0gyu4c_8repartir9schedulerNtB5_9Scheduler3new
FNDA:3,_RNvMs4_NtCsif8aF0gyu4c_8repartir9schedulerNtB5_9Scheduler5clear
FNDA:9,_RNvMs4_NtCsif8aF0gyu4c_8repartir9schedulerNtB5_9Scheduler6submit
FNDA:7,_RNvMs4_NtCsif8aF0gyu4c_8repartir9schedulerNtB5_9Scheduler9next_task
FNDA:4,_RNvXs2_NtCsif8aF0gyu4c_8repartir9schedulerNtB5_12PriorityTaskNtNtCs6RpC691fUBl_4core3cmp10PartialOrd11partial_cmp
FNDA:4,_RNvXs3_NtCsif8aF0gyu4c_8repartir9schedulerNtB5_12PriorityTaskNtNtCs6RpC691fUBl_4core3cmp3Ord3cmp
FNF:32
FNH:28
DA:23,0
DA:24,0
DA:25,0
DA:29,0
DA:30,0
DA:31,0
DA:43,0
DA:44,0
DA:45,0
DA:51,112464
DA:52,112464
DA:53,112464
DA:57,112464
DA:59,112464
DA:60,112464
DA:79,4
DA:80,4
DA:81,4
DA:85,775
DA:86,775
DA:87,775
DA:88,775
DA:89,775
DA:90,775
DA:91,775
DA:92,775
DA:99,33576
DA:100,33576
DA:101,33576
DA:104,33576
DA:106,33576
DA:107,6926
DA:108,6926
DA:109,6926
DA:110,26650
DA:112,26650
DA:113,26650
DA:116,26650
DA:117,33576
DA:122,21028
DA:123,21028
DA:124,21028
DA:125,21028
DA:128,13063
DA:129,13063
DA:130,13063
DA:133,2
DA:134,2
DA:135,2
DA:136,2
DA:137,2
DA:140,4
DA:141,4
DA:142,4
DA:145,2
DA:146,2
DA:147,2
DA:150,3
DA:151,3
DA:152,3
DA:153,3
DA:154,3
DA:158,0
DA:159,0
DA:160,0
DA:171,1
DA:172,1
DA:174,1
DA:175,1
DA:176,1
DA:177,1
DA:178,1
DA:179,1
DA:181,1
DA:182,1
DA:184,1
DA:185,1
DA:186,1
DA:187,1
DA:188,1
DA:191,1
DA:192,1
DA:195,1
DA:196,1
DA:197,1
DA:198,1
DA:199,1
DA:200,1
DA:201,1
DA:203,1
DA:204,1
DA:205,1
DA:206,1
DA:207,1
DA:208,1
DA:209,1
DA:211,1
DA:212,1
DA:213,1
DA:214,1
DA:215,1
DA:216,1
DA:217,1
DA:219,1
DA:220,1
DA:221,1
DA:224,1
DA:225,1
DA:227,1
DA:228,1
DA:230,1
DA:231,1
DA:232,1
DA:235,1
DA:236,1
DA:238,1
DA:239,1
DA:240,1
DA:241,1
DA:242,1
DA:243,1
DA:245,1
DA:246,1
DA:247,1
DA:248,1
DA:249,1
DA:250,1
DA:252,1
DA:253,1
DA:254,1
DA:255,1
DA:256,1
DA:257,1
DA:259,1
DA:260,1
DA:263,1
DA:264,1
DA:265,1
DA:266,1
DA:267,1
DA:268,1
DA:269,1
DA:272,1
DA:273,1
DA:275,1
DA:276,1
DA:277,1
DA:279,1
DA:280,1
DA:281,1
DA:284,1
DA:286,1
DA:287,1
DA:288,1
DA:290,1
DA:291,1
DA:293,1
DA:294,1
DA:297,1
DA:298,1
DA:300,1
DA:301,1
DA:302,1
DA:303,1
DA:304,1
DA:305,1
DA:307,1
DA:308,1
DA:310,1
DA:311,1
DA:312,1
BRF:0
BRH:0
LF:189
LH:177
end_of_record
SF:/home/noah/src/repartir/src/task/mod.rs
FN:197,_RINvMs3_NtCscC1z6TNcMpj_8repartir4taskNtB6_11TaskBuilder3argNtNtCs6juDKDKeRkf_5alloc6string6StringECsgXTZ8MYwN3R_14property_tests
FN:183,_RINvMs3_NtCscC1z6TNcMpj_8repartir4taskNtB6_11TaskBuilder6binaryReECsgXTZ8MYwN3R_14property_tests
FN:246,_RNCNvMs3_NtCscC1z6TNcMpj_8repartir4taskNtB7_11TaskBuilder5build0B9_
FN:349,_RNCNvMs4_NtCscC1z6TNcMpj_8repartir4taskNtB7_15ExecutionResult10stderr_str0B9_
FN:338,_RNCNvMs4_NtCscC1z6TNcMpj_8repartir4taskNtB7_15ExecutionResult10stdout_str0B9_
FN:22,_RNvMNtCscC1z6TNcMpj_8repartir4taskNtB2_6TaskId3new
FN:28,_RNvMNtCscC1z6TNcMpj_8repartir4taskNtB2_6TaskId7as_uuid
FN:115,_RNvMs1_NtCscC1z6TNcMpj_8repartir4taskNtB5_4Task2id
FN:133,_RNvMs1_NtCscC1z6TNcMpj_8repartir4taskNtB5_4Task3env
FN:127,_RNvMs1_NtCscC1z6TNcMpj_8repartir4taskNtB5_4Task4args
FN:121,_RNvMs1_NtCscC1z6TNcMpj_8repartir4taskNtB5_4Task6binary
FN:139,_RNvMs1_NtCscC1z6TNcMpj_8repartir4taskNtB5_4Task7backend
FN:109,_RNvMs1_NtCscC1z6TNcMpj_8repartir4taskNtB5_4Task7builder
FN:151,_RNvMs1_NtCscC1z6TNcMpj_8repartir4taskNtB5_4Task7timeout
FN:145,_RNvMs1_NtCscC1z6TNcMpj_8repartir4taskNtB5_4Task8priority
FN:204,_RNvMs3_NtCscC1z6TNcMpj_8repartir4taskNtB5_11TaskBuilder3env
FN:190,_RNvMs3_NtCscC1z6TNcMpj_8repartir4taskNtB5_11TaskBuilder4args
FN:242,_RNvMs3_NtCscC1z6TNcMpj_8repartir4taskNtB5_11TaskBuilder5build
FN:218,_RNvMs3_NtCscC1z6TNcMpj_8repartir4taskNtB5_11TaskBuilder7backend
FN:232,_RNvMs3_NtCscC1z6TNcMpj_8repartir4taskNtB5_11TaskBuilder7timeout
FN:225,_RNvMs3_NtCscC1z6TNcMpj_8repartir4taskNtB5_11TaskBuilder8priority
FN:309,_RNvMs4_NtCscC1z6TNcMpj_8repartir4taskNtB5_15ExecutionResult10is_success
FN:347,_RNvMs4_NtCscC1z6TNcMpj_8repartir4taskNtB5_15ExecutionResult10stderr_str
FN:336,_RNvMs4_NtCscC1z6TNcMpj_8repartir4taskNtB5_15ExecutionResult10stdout_str
FN:279,_RNvMs4_NtCscC1z6TNcMpj_8repartir4taskNtB5_15ExecutionResult3new
FN:321,_RNvMs4_NtCscC1z6TNcMpj_8repartir4taskNtB5_15ExecutionResult6stderr
FN:315,_RNvMs4_NtCscC1z6TNcMpj_8repartir4taskNtB5_15ExecutionResult6stdout
FN:297,_RNvMs4_NtCscC1z6TNcMpj_8repartir4taskNtB5_15ExecutionResult7task_id
FN:327,_RNvMs4_NtCscC1z6TNcMpj_8repartir4taskNtB5_15ExecutionResult8duration
FN:303,_RNvMs4_NtCscC1z6TNcMpj_8repartir4taskNtB5_15ExecutionResult9exit_code
FN:40,_RNvXs0_NtCscC1z6TNcMpj_8repartir4taskNtB5_6TaskIdNtNtCs6RpC691fUBl_4core3fmt7Display3fmt
FN:168,_RNvXs2_NtCscC1z6TNcMpj_8repartir4taskNtB5_11TaskBuilderNtNtCs6RpC691fUBl_4core7default7Default7default
FN:34,_RNvXs_NtCscC1z6TNcMpj_8repartir4taskNtB4_6TaskIdNtNtCs6RpC691fUBl_4core7default7Default7default
FN:197,_RINvMs3_NtCscC1z6TNcMpj_8repartir4taskNtB6_11TaskBuilder3argpEB8_
FN:183,_RINvMs3_NtCscC1z6TNcMpj_8repartir4taskNtB6_11TaskBuilder6binarypEB8_
FN:211,_RINvMs3_NtCscC1z6TNcMpj_8repartir4taskNtB6_11TaskBuilder7env_varppEB8_
FN:211,_RINvMs3_NtCsif8aF0gyu4c_8repartir4taskNtB6_11TaskBuilder7env_varppEB8_
FN:349,_RNCNvMs4_NtCsif8aF0gyu4c_8repartir4taskNtB7_15ExecutionResult10stderr_str0B9_
FN:28,_RNvMNtCsif8aF0gyu4c_8repartir4taskNtB2_6TaskId7as_uuid
FN:204,_RNvMs3_NtCsif8aF0gyu4c_8repartir4taskNtB5_11TaskBuilder3env
FN:190,_RNvMs3_NtCsif8aF0gyu4c_8repartir4taskNtB5_11TaskBuilder4args
FN:347,_RNvMs4_NtCsif8aF0gyu4c_8repartir4taskNtB5_15ExecutionResult10stderr_str
FN:321,_RNvMs4_NtCsif8aF0gyu4c_8repartir4taskNtB5_15ExecutionResult6stderr
FN:315,_RNvMs4_NtCsif8aF0gyu4c_8repartir4taskNtB5_15ExecutionResult6stdout
FN:327,_RNvMs4_NtCsif8aF0gyu4c_8repartir4taskNtB5_15ExecutionResult8duration
FN:34,_RNvXs_NtCsif8aF0gyu4c_8repartir4taskNtB4_6TaskIdNtNtCs6RpC691fUBl_4core7default7Default7default
FN:246,_RNCNvMs3_NtCsif8aF0gyu4c_8repartir4taskNtB7_11TaskBuilder5build0B9_
FN:338,_RNCNvMs4_NtCsif8aF0gyu4c_8repartir4taskNtB7_15ExecutionResult10stdout_str0B9_
FN:22,_RNvMNtCsif8aF0gyu4c_8repartir4taskNtB2_6TaskId3new
FN:115,_RNvMs1_NtCsif8aF0gyu4c_8repartir4taskNtB5_4Task2id
FN:133,_RNvMs1_NtCsif8aF0gyu4c_8repartir4taskNtB5_4Task3env
FN:127,_RNvMs1_NtCsif8aF0gyu4c_8repartir4taskNtB5_4Task4args
FN:121,_RNvMs1_NtCsif8aF0gyu4c_8repartir4taskNtB5_4Task6binary
FN:139,_RNvMs1_NtCsif8aF0gyu4c_8repartir4taskNtB5_4Task7backend
FN:109,_RNvMs1_NtCsif8aF0gyu4c_8repartir4taskNtB5_4Task7builder
FN:151,_RNvMs1_NtCsif8aF0gyu4c_8repartir4taskNtB5_4Task7timeout
FN:145,_RNvMs1_NtCsif8aF0gyu4c_8repartir4taskNtB5_4Task8priority
FN:242,_RNvMs3_NtCsif8aF0gyu4c_8repartir4taskNtB5_11TaskBuilder5build
FN:218,_RNvMs3_NtCsif8aF0gyu4c_8repartir4taskNtB5_11TaskBuilder7backend
FN:232,_RNvMs3_NtCsif8aF0gyu4c_8repartir4taskNtB5_11TaskBuilder7timeout
FN:225,_RNvMs3_NtCsif8aF0gyu4c_8repartir4taskNtB5_11TaskBuilder8priority
FN:309,_RNvMs4_NtCsif8aF0gyu4c_8repartir4taskNtB5_15ExecutionResult10is_success
FN:336,_RNvMs4_NtCsif8aF0gyu4c_8repartir4taskNtB5_15ExecutionResult10stdout_str
FN:279,_RNvMs4_NtCsif8aF0gyu4c_8repartir4taskNtB5_15ExecutionResult3new
FN:297,_RNvMs4_NtCsif8aF0gyu4c_8repartir4taskNtB5_15ExecutionResult7task_id
FN:303,_RNvMs4_NtCsif8aF0gyu4c_8repartir4taskNtB5_15ExecutionResult9exit_code
FN:40,_RNvXs0_NtCsif8aF0gyu4c_8repartir4taskNtB5_6TaskIdNtNtCs6RpC691fUBl_4core3fmt7Display3fmt
FN:168,_RNvXs2_NtCsif8aF0gyu4c_8repartir4taskNtB5_11TaskBuilderNtNtCs6RpC691fUBl_4core7default7Default7default
FN:197,_RINvMs3_NtCsif8aF0gyu4c_8repartir4taskNtB6_11TaskBuilder3argReEB8_
FN:183,_RINvMs3_NtCsif8aF0gyu4c_8repartir4taskNtB6_11TaskBuilder6binaryReEB8_
FN:367,_RNvNtNtCsif8aF0gyu4c_8repartir4task5testss_17test_task_builder
FN:396,_RNvNtNtCsif8aF0gyu4c_8repartir4task5testss_21test_execution_result
FN:360,_RNvNtNtCsif8aF0gyu4c_8repartir4task5testss_21test_task_id_creation
FN:390,_RNvNtNtCsif8aF0gyu4c_8repartir4task5testss_22test_priority_ordering
FN:384,_RNvNtNtCsif8aF0gyu4c_8repartir4task5testss_32test_task_builder_missing_binary
FNDA:46991,_RINvMs3_NtCscC1z6TNcMpj_8repartir4taskNtB6_11TaskBuilder3argNtNtCs6juDKDKeRkf_5alloc6string6StringECsgXTZ8MYwN3R_14property_tests
FNDA:46991,_RINvMs3_NtCscC1z6TNcMpj_8repartir4taskNtB6_11TaskBuilder6binaryReECsgXTZ8MYwN3R_14property_tests
FNDA:0,_RNCNvMs3_NtCscC1z6TNcMpj_8repartir4taskNtB7_11TaskBuilder5build0B9_
FNDA:0,_RNCNvMs4_NtCscC1z6TNcMpj_8repartir4taskNtB7_15ExecutionResult10stderr_str0B9_
FNDA:0,_RNCNvMs4_NtCscC1z6TNcMpj_8repartir4taskNtB7_15ExecutionResult10stdout_str0B9_
FNDA:46991,_RNvMNtCscC1z6TNcMpj_8repartir4taskNtB2_6TaskId3new
FNDA:0,_RNvMNtCscC1z6TNcMpj_8repartir4taskNtB2_6TaskId7as_uuid
FNDA:46991,_RNvMs1_NtCscC1z6TNcMpj_8repartir4taskNtB5_4Task2id
FNDA:0,_RNvMs1_NtCscC1z6TNcMpj_8repartir4taskNtB5_4Task3env
FNDA:0,_RNvMs1_NtCscC1z6TNcMpj_8repartir4taskNtB5_4Task4args
FNDA:0,_RNvMs1_NtCscC1z6TNcMpj_8repartir4taskNtB5_4Task6binary
FNDA:0,_RNvMs1_NtCscC1z6TNcMpj_8repartir4taskNtB5_4Task7backend
FNDA:46991,_RNvMs1_NtCscC1z6TNcMpj_8repartir4taskNtB5_4Task7builder
FNDA:0,_RNvMs1_NtCscC1z6TNcMpj_8repartir4taskNtB5_4Task7timeout
FNDA:266105,_RNvMs1_NtCscC1z6TNcMpj_8repartir4taskNtB5_4Task8priority
FNDA:0,_RNvMs3_NtCscC1z6TNcMpj_8repartir4taskNtB5_11TaskBuilder3env
FNDA:0,_RNvMs3_NtCscC1z6TNcMpj_8repartir4taskNtB5_11TaskBuilder4args
FNDA:46991,_RNvMs3_NtCscC1z6TNcMpj_8repartir4taskNtB5_11TaskBuilder5build
FNDA:46991,_RNvMs3_NtCscC1z6TNcMpj_8repartir4taskNtB5_11TaskBuilder7backend
FNDA:0,_RNvMs3_NtCscC1z6TNcMpj_8repartir4taskNtB5_11TaskBuilder7timeout
FNDA:7618,_RNvMs3_NtCscC1z6TNcMpj_8repartir4taskNtB5_11TaskBuilder8priority
FNDA:0,_RNvMs4_NtCscC1z6TNcMpj_8repartir4taskNtB5_15ExecutionResult10is_success
FNDA:0,_RNvMs4_NtCscC1z6TNcMpj_8repartir4taskNtB5_15ExecutionResult10stderr_str
FNDA:0,_RNvMs4_NtCscC1z6TNcMpj_8repartir4taskNtB5_15ExecutionResult10stdout_str
FNDA:0,_RNvMs4_NtCscC1z6TNcMpj_8repartir4taskNtB5_15ExecutionResult3new
FNDA:0,_RNvMs4_NtCscC1z6TNcMpj_8repartir4taskNtB5_15ExecutionResult6stderr
FNDA:0,_RNvMs4_NtCscC1z6TNcMpj_8repartir4taskNtB5_15ExecutionResult6stdout
FNDA:0,_RNvMs4_NtCscC1z6TNcMpj_8repartir4taskNtB5_15ExecutionResult7task_id
FNDA:0,_RNvMs4_NtCscC1z6TNcMpj_8repartir4taskNtB5_15ExecutionResult8duration
FNDA:0,_RNvMs4_NtCscC1z6TNcMpj_8repartir4taskNtB5_15ExecutionResult9exit_code
FNDA:0,_RNvXs0_NtCscC1z6TNcMpj_8repartir4taskNtB5_6TaskIdNtNtCs6RpC691fUBl_4core3fmt7Display3fmt
FNDA:46991,_RNvXs2_NtCscC1z6TNcMpj_8repartir4taskNtB5_11TaskBuilderNtNtCs6RpC691fUBl_4core7default7Default7default
FNDA:0,_RNvXs_NtCscC1z6TNcMpj_8repartir4taskNtB4_6TaskIdNtNtCs6RpC691fUBl_4core7default7Default7default
FNDA:0,_RINvMs3_NtCscC1z6TNcMpj_8repartir4taskNtB6_11TaskBuilder3argpEB8_
FNDA:0,_RINvMs3_NtCscC1z6TNcMpj_8repartir4taskNtB6_11TaskBuilder6binarypEB8_
FNDA:0,_RINvMs3_NtCscC1z6TNcMpj_8repartir4taskNtB6_11TaskBuilder7env_varppEB8_
FNDA:0,_RINvMs3_NtCsif8aF0gyu4c_8repartir4taskNtB6_11TaskBuilder7env_varppEB8_
FNDA:0,_RNCNvMs4_NtCsif8aF0gyu4c_8repartir4taskNtB7_15ExecutionResult10stderr_str0B9_
FNDA:0,_RNvMNtCsif8aF0gyu4c_8repartir4taskNtB2_6TaskId7as_uuid
FNDA:0,_RNvMs3_NtCsif8aF0gyu4c_8repartir4taskNtB5_11TaskBuilder3env
FNDA:0,_RNvMs3_NtCsif8aF0gyu4c_8repartir4taskNtB5_11TaskBuilder4args
FNDA:0,_RNvMs4_NtCsif8aF0gyu4c_8repartir4taskNtB5_15ExecutionResult10stderr_str
FNDA:0,_RNvMs4_NtCsif8aF0gyu4c_8repartir4taskNtB5_15ExecutionResult6stderr
FNDA:0,_RNvMs4_NtCsif8aF0gyu4c_8repartir4taskNtB5_15ExecutionResult6stdout
FNDA:0,_RNvMs4_NtCsif8aF0gyu4c_8repartir4taskNtB5_15ExecutionResult8duration
FNDA:0,_RNvXs_NtCsif8aF0gyu4c_8repartir4taskNtB4_6TaskIdNtNtCs6RpC691fUBl_4core7default7Default7default
FNDA:1,_RNCNvMs3_NtCsif8aF0gyu4c_8repartir4taskNtB7_11TaskBuilder5build0B9_
FNDA:0,_RNCNvMs4_NtCsif8aF0gyu4c_8repartir4taskNtB7_15ExecutionResult10stdout_str0B9_
FNDA:18,_RNvMNtCsif8aF0gyu4c_8repartir4taskNtB2_6TaskId3new
FNDA:15,_RNvMs1_NtCsif8aF0gyu4c_8repartir4taskNtB5_4Task2id
FNDA:4,_RNvMs1_NtCsif8aF0gyu4c_8repartir4taskNtB5_4Task3env
FNDA:5,_RNvMs1_NtCsif8aF0gyu4c_8repartir4taskNtB5_4Task4args
FNDA:9,_RNvMs1_NtCsif8aF0gyu4c_8repartir4taskNtB5_4Task6binary
FNDA:1,_RNvMs1_NtCsif8aF0gyu4c_8repartir4taskNtB5_4Task7backend
FNDA:15,_RNvMs1_NtCsif8aF0gyu4c_8repartir4taskNtB5_4Task7builder
FNDA:4,_RNvMs1_NtCsif8aF0gyu4c_8repartir4taskNtB5_4Task7timeout
FNDA:21,_RNvMs1_NtCsif8aF0gyu4c_8repartir4taskNtB5_4Task8priority
FNDA:15,_RNvMs3_NtCsif8aF0gyu4c_8repartir4taskNtB5_11TaskBuilder5build
FNDA:14,_RNvMs3_NtCsif8aF0gyu4c_8repartir4taskNtB5_11TaskBuilder7backend
FNDA:1,_RNvMs3_NtCsif8aF0gyu4c_8repartir4taskNtB5_11TaskBuilder7timeout
FNDA:4,_RNvMs3_NtCsif8aF0gyu4c_8repartir4taskNtB5_11TaskBuilder8priority
FNDA:4,_RNvMs4_NtCsif8aF0gyu4c_8repartir4taskNtB5_15ExecutionResult10is_success
FNDA:3,_RNvMs4_NtCsif8aF0gyu4c_8repartir4taskNtB5_15ExecutionResult10stdout_str
FNDA:5,_RNvMs4_NtCsif8aF0gyu4c_8repartir4taskNtB5_15ExecutionResult3new
FNDA:3,_RNvMs4_NtCsif8aF0gyu4c_8repartir4taskNtB5_15ExecutionResult7task_id
FNDA:2,_RNvMs4_NtCsif8aF0gyu4c_8repartir4taskNtB5_15ExecutionResult9exit_code
FNDA:0,_RNvXs0_NtCsif8aF0gyu4c_8repartir4taskNtB5_6TaskIdNtNtCs6RpC691fUBl_4core3fmt7Display3fmt
FNDA:15,_RNvXs2_NtCsif8aF0gyu4c_8repartir4taskNtB5_11TaskBuilderNtNtCs6RpC691fUBl_4core7default7Default7default
FNDA:17,_RINvMs3_NtCsif8aF0gyu4c_8repartir4taskNtB6_11TaskBuilder3argReEB8_
FNDA:14,_RINvMs3_NtCsif8aF0gyu4c_8repartir4taskNtB6_11TaskBuilder6binaryReEB8_
FNDA:1,_RNvNtNtCsif8aF0gyu4c_8repartir4task5testss_17test_task_builder
FNDA:1,_RNvNtNtCsif8aF0gyu4c_8repartir4task5testss_21test_execution_result
FNDA:1,_RNvNtNtCsif8aF0gyu4c_8repartir4task5testss_21test_task_id_creation
FNDA:1,_RNvNtNtCsif8aF0gyu4c_8repartir4task5testss_22test_priority_ordering
FNDA:1,_RNvNtNtCsif8aF0gyu4c_8repartir4task5testss_32test_task_builder_missing_binary
FNF:39
FNH:27
DA:22,47009
DA:23,47009
DA:24,47009
DA:28,0
DA:29,0
DA:30,0
DA:34,0
DA:35,0
DA:36,0
DA:40,0
DA:41,0
DA:42,0
DA:109,47006
DA:110,47006
DA:111,47006
DA:115,47006
DA:116,47006
DA:117,47006
DA:121,9
DA:122,9
DA:123,9
DA:127,5
DA:128,5
DA:129,5
DA:133,4
DA:134,4
DA:135,4
DA:139,1
DA:140,1
DA:141,1
DA:145,266126
DA:146,266126
DA:147,266126
DA:151,4
DA:152,4
DA:153,4
DA:168,47006
DA:169,47006
DA:170,47006
DA:171,47006
DA:172,47006
DA:173,47006
DA:174,47006
DA:175,47006
DA:176,47006
DA:177,47006
DA:183,47005
DA:184,47005
DA:185,47005
DA:186,47005
DA:190,0
DA:191,0
DA:192,0
DA:193,0
DA:197,47008
DA:198,47008
DA:199,47008
DA:200,47008
DA:204,0
DA:205,0
DA:206,0
DA:207,0
DA:211,0
DA:212,0
DA:213,0
DA:214,0
DA:218,47005
DA:219,47005
DA:220,47005
DA:221,47005
DA:225,7622
DA:226,7622
DA:227,7622
DA:228,7622
DA:232,1
DA:233,1
DA:234,1
DA:235,1
DA:242,47006
DA:243,47006
DA:244,47006
DA:245,47006
DA:246,1
DA:247,1
DA:249,47005
DA:250,47005
DA:251,47005
DA:252,47005
DA:253,47005
DA:254,47005
DA:255,47005
DA:256,47005
DA:257,47005
DA:258,47006
DA:279,5
DA:280,5
DA:281,5
DA:282,5
DA:283,5
DA:284,5
DA:285,5
DA:286,5
DA:287,5
DA:288,5
DA:289,5
DA:290,5
DA:291,5
DA:292,5
DA:293,5
DA:297,3
DA:298,3
DA:299,3
DA:303,2
DA:304,2
DA:305,2
DA:309,4
DA:310,4
DA:311,4
DA:315,0
DA:316,0
DA:317,0
DA:321,0
DA:322,0
DA:323,0
DA:327,0
DA:328,0
DA:329,0
DA:336,3
DA:337,3
DA:338,0
DA:339,0
DA:340,3
DA:347,0
DA:348,0
DA:349,0
DA:350,0
DA:351,0
DA:360,1
DA:361,1
DA:362,1
DA:363,1
DA:364,1
DA:367,1
DA:368,1
DA:369,1
DA:370,1
DA:371,1
DA:372,1
DA:373,1
DA:374,1
DA:376,1
DA:377,1
DA:378,1
DA:379,1
DA:380,1
DA:381,1
DA:384,1
DA:385,1
DA:386,1
DA:387,1
DA:390,1
DA:391,1
DA:392,1
DA:393,1
DA:396,1
DA:397,1
DA:398,1
DA:399,1
DA:401,1
DA:402,1
DA:403,1
DA:406,1
DA:407,1
DA:408,1
DA:409,1
BRF:0
BRH:0
LF:176
LH:139
end_of_record